This file contains any messages produced by compilers while
running configure, to aid debugging if configure makes a mistake.

It was created by configure, which was
generated by GNU Autoconf 2.50.  Invocation command line was

  $ ./configure --enable-shared=no

## ---------- ##
## Platform.  ##
## ---------- ##

hostname = igc
uname -m = sun4u
uname -r = 5.8
uname -s = SunOS
uname -v = Generic_108528-09

/usr/bin/uname -p = sparc
/bin/uname -X     = System = SunOS
Node = igc
Release = 5.8
KernelID = Generic_108528-09
Machine = sun4u
BusType = <unknown>
Serial = <unknown>
Users = <unknown>
OEM# = 0
Origin# = 1
NumCPU = 2

/bin/arch              = sun4
/usr/bin/arch -k       = sun4u
/usr/convex/getsysinfo = unknown
hostinfo               = unknown
/bin/machine           = unknown
/usr/bin/oslevel       = unknown
/bin/universe          = unknown

PATH = /usr/ccs/bin:/usr/local/bin:/opt/SUNWspro/bin:/usr/bin:/opt/netscape:/usr/dt/bin:/usr/openwin/bin:/usr/ucb:/usr/local/teTeX/bin:/usr/local/Office52/program:.:/usr/pgi/solaris86/bin:/usr/local/gromos/gromos96:/usr/local/simlys/bin:/usr/local/framemaker/bin:/home/mika/programs/analysis

## ------------ ##
## Core tests.  ##
## ------------ ##

configure:1105: PATH=".;."; conftest.sh
./configure: conftest.sh: not found
configure:1108: $? = 1
configure:1159: checking for a BSD compatible install
configure:1208: result: /usr/local/bin/install -c
configure:1219: checking whether build environment is sane
configure:1262: result: yes
configure:1283: checking whether make sets ${MAKE}
configure:1303: result: yes
configure:1323: checking for working aclocal
configure:1330: result: found
configure:1338: checking for working autoconf
configure:1345: result: found
configure:1353: checking for working automake
configure:1360: result: found
configure:1368: checking for working autoheader
configure:1375: result: found
configure:1383: checking for working makeinfo
configure:1390: result: found
configure:1474: checking build system type
configure:1492: result: sparc-sun-solaris2.8
configure:1499: checking host system type
configure:1513: result: sparc-sun-solaris2.8
configure:1563: checking for gcc
configure:1578: found /usr/local/bin/gcc
configure:1586: result: gcc
configure:1830: checking for C compiler default output
configure:1833: gcc    conftest.c  >&5
configure:1836: $? = 0
configure:1859: result: a.out
configure:1864: checking whether the C compiler works
configure:1870: ./a.out
configure:1873: $? = 0
configure:1888: result: yes
configure:1895: checking whether we are cross compiling
configure:1897: result: no
configure:1900: checking for executable suffix
configure:1902: gcc -o conftest    conftest.c  >&5
configure:1905: $? = 0
configure:1927: result: 
configure:1933: checking for object suffix
configure:1951: gcc -c   conftest.c >&5
configure:1954: $? = 0
configure:1973: result: o
configure:1977: checking whether we are using the GNU C compiler
configure:1998: gcc -c   conftest.c >&5
configure:2001: $? = 0
configure:2004: test -s conftest.o
configure:2007: $? = 0
configure:2019: result: yes
configure:2025: checking whether gcc accepts -g
configure:2043: gcc -c -g  conftest.c >&5
configure:2046: $? = 0
configure:2049: test -s conftest.o
configure:2052: $? = 0
configure:2062: result: yes
configure:2089: gcc -c -g -O2  conftest.c >&5
conftest.c:2: parse error before "me"
configure:2092: $? = 1
configure: failed program was:
#ifndef __cplusplus
  choke me
#endif
configure:2197: checking for ld used by GCC
configure:2260: result: /usr/ccs/bin/ld
configure:2269: checking if the linker (/usr/ccs/bin/ld) is GNU ld
configure:2281: result: no
configure:2285: checking for /usr/ccs/bin/ld option to reload object files
configure:2292: result: -r
configure:2297: checking for BSD-compatible nm
configure:2333: result: /usr/ccs/bin/nm -p
configure:2336: checking whether ln -s works
configure:2340: result: yes
configure:2347: checking how to recognise dependant libraries
configure:2515: result: pass_all
configure:2521: checking command to parse /usr/ccs/bin/nm -p output
configure:2598: gcc -c -g -O2  conftest.c >&5
configure:2601: $? = 0
configure:2605: /usr/ccs/bin/nm -p conftest.o \| sed -n -e 's/^.*[ 	]\([BDT][BDT]*\)[ 	][ 	]*\(\)\([_A-Za-z][_A-Za-z0-9]*\)$/\1 \2\3 \3/p' \> conftest.nm
configure:2608: $? = 0
configure:2660: gcc -o conftest -g -O2   conftest.c conftstm.o >&5
configure:2663: $? = 0
configure:2704: result: ok
configure:2713: checking how to run the C preprocessor
configure:2740: gcc -E  conftest.c
configure:2746: $? = 0
configure:2773: gcc -E  conftest.c
configure:2770:28: ac_nonexistent.h: No such file or directory
configure:2779: $? = 1
configure: failed program was:
#line 2769 "configure"
#include "confdefs.h"
#include <ac_nonexistent.h>
configure:2816: result: gcc -E
configure:2831: gcc -E  conftest.c
configure:2837: $? = 0
configure:2864: gcc -E  conftest.c
configure:2861:28: ac_nonexistent.h: No such file or directory
configure:2870: $? = 1
configure: failed program was:
#line 2860 "configure"
#include "confdefs.h"
#include <ac_nonexistent.h>
configure:2912: checking for dlfcn.h
configure:2922: gcc -E  conftest.c
configure:2928: $? = 0
configure:2947: result: yes
configure:3134: checking for ranlib
configure:3149: found /usr/ccs/bin/ranlib
configure:3158: result: ranlib
configure:3208: checking for strip
configure:3223: found /usr/ccs/bin/strip
configure:3232: result: strip
configure:3427: checking for objdir
configure:3438: result: .libs
configure:3453: checking for gcc option to produce PIC
configure:3603: result: -fPIC
configure:3607: checking if gcc PIC flag -fPIC works
configure:3627: gcc -c -g -O2 -fPIC -DPIC  conftest.c >&5
configure:3630: $? = 0
configure:3633: test -s conftest.o
configure:3636: $? = 0
configure:3672: result: yes
configure:3688: checking if gcc static flag -static works
configure:3709: gcc -o conftest -g -O2   -static conftest.c  >&5
ld: warning: file /usr/lib/libc.a(atexit.o): wrong ELF class: ELFCLASS32
Undefined			first referenced
 symbol  			    in file
_environ                            /usr/local/lib/gcc-lib/sparcv9-sun-solaris2.8/3.0.1/crt1.o
atexit                              /usr/local/lib/gcc-lib/sparcv9-sun-solaris2.8/3.0.1/crt1.o
exit                                /usr/local/lib/gcc-lib/sparcv9-sun-solaris2.8/3.0.1/crt1.o
_exit                               /usr/local/lib/gcc-lib/sparcv9-sun-solaris2.8/3.0.1/crt1.o
ld: fatal: Symbol referencing errors. No output written to conftest
collect2: ld returned 1 exit status
configure:3712: $? = 1
configure: failed program was:
#line 3697 "configure"
#include "confdefs.h"

int
main ()
{

  ;
  return 0;
}
configure:3732: result: no
configure:3743: checking if gcc supports -c -o file.o
configure:3763: gcc -c -g -O2 -o out/conftest2.o  conftest.c >&5
configure:3787: result: yes
configure:3792: checking if gcc supports -c -o file.lo
configure:3814: gcc -c -g -O2 -c -o conftest.lo  conftest.c >&5
configure:3817: $? = 0
configure:3820: test -s conftest.o
configure:3823: $? = 1
configure: failed program was:
#line 3802 "configure"
#include "confdefs.h"

int
main ()
{
int some_variable = 0;
  ;
  return 0;
}
configure:3843: result: 
configure:3874: checking if gcc supports -fno-rtti -fno-exceptions
configure:3893: gcc -c -g -O2 -fno-rtti -fno-exceptions -c conftest.c  conftest.c >&5
configure:3896: $? = 0
configure:3899: test -s conftest.o
configure:3902: $? = 0
configure:3918: result: yes
configure:3929: checking whether the linker (/usr/ccs/bin/ld) supports shared libraries
configure:4541: result: yes
configure:4546: checking how to hardcode library paths into programs
configure:4570: result: immediate
configure:4575: checking whether stripping libraries is possible
configure:4583: result: no
configure:4591: checking dynamic linker characteristics
configure:4973: result: solaris2.8 ld.so
configure:4978: checking if libtool supports shared libraries
configure:4980: result: yes
configure:6146: checking whether to enable maintainer-specific portions of Makefiles
configure:6155: result: no
configure:6216: checking for g++
configure:6231: found /usr/local/bin/g++
configure:6239: result: g++
configure:6253: checking whether we are using the GNU C++ compiler
configure:6274: g++ -c   conftest.cc >&5
configure:6277: $? = 0
configure:6280: test -s conftest.o
configure:6283: $? = 0
configure:6295: result: yes
configure:6301: checking whether g++ accepts -g
configure:6319: g++ -c -g  conftest.cc >&5
configure:6322: $? = 0
configure:6325: test -s conftest.o
configure:6328: $? = 0
configure:6338: result: yes
configure:6378: g++ -c -g -O2  conftest.cc >&5
configure:6381: $? = 0
configure:6384: test -s conftest.o
configure:6387: $? = 0
configure:6409: g++ -c -g -O2  conftest.cc >&5
configure: In function `int main()':
configure:6402: `exit' undeclared (first use this function)
configure:6402: (Each undeclared identifier is reported only once for each 
   function it appears in.)
configure:6412: $? = 1
configure: failed program was:
#line 6397 "configure"
#include "confdefs.h"

int
main ()
{
exit (42);
  ;
  return 0;
}
configure:6378: g++ -c -g -O2  conftest.cc >&5
configure:6381: $? = 0
configure:6384: test -s conftest.o
configure:6387: $? = 0
configure:6409: g++ -c -g -O2  conftest.cc >&5
configure:6412: $? = 0
configure:6415: test -s conftest.o
configure:6418: $? = 0
configure:6437: checking whether make sets ${MAKE}
configure:6457: result: yes
configure:6466: checking for ANSI C header files
configure:6480: gcc -E  conftest.c
configure:6486: $? = 0
configure:6573: gcc -o conftest -g -O2   conftest.c  >&5
configure:6576: $? = 0
configure:6578: ./conftest
configure:6581: $? = 0
configure:6594: result: yes
configure:6604: checking for gcc option to accept ANSI C
configure:6661: gcc  -c -g -O2  conftest.c >&5
configure:6664: $? = 0
configure:6667: test -s conftest.o
configure:6670: $? = 0
configure:6687: result: none needed
configure:6695: checking for an ANSI C-conforming const
configure:6759: gcc -c -g -O2  conftest.c >&5
configure:6762: $? = 0
configure:6765: test -s conftest.o
configure:6768: $? = 0
configure:6778: result: yes
configure:6788: checking for inline
configure:6805: gcc -c -g -O2  conftest.c >&5
configure:6808: $? = 0
configure:6811: test -s conftest.o
configure:6814: $? = 0
configure:6825: result: inline
configure:6843: checking for stdlib.h
configure:6853: gcc -E  conftest.c
configure:6859: $? = 0
configure:6878: result: yes
configure:6843: checking for string.h
configure:6853: gcc -E  conftest.c
configure:6859: $? = 0
configure:6878: result: yes
configure:6843: checking for memory.h
configure:6853: gcc -E  conftest.c
configure:6859: $? = 0
configure:6878: result: yes
configure:6843: checking for strings.h
configure:6853: gcc -E  conftest.c
configure:6859: $? = 0
configure:6878: result: yes
configure:6843: checking for inttypes.h
configure:6853: gcc -E  conftest.c
configure:6859: $? = 0
configure:6878: result: yes
configure:6843: checking for unistd.h
configure:6853: gcc -E  conftest.c
configure:6859: $? = 0
configure:6878: result: yes
configure:6888: checking for size_t
configure:6909: gcc -c -g -O2  conftest.c >&5
configure:6912: $? = 0
configure:6915: test -s conftest.o
configure:6918: $? = 0
configure:6928: result: yes
configure:6943: checking for hypot
configure:6980: gcc -o conftest -g -O2   conftest.c  >&5
Undefined			first referenced
 symbol  			    in file
hypot                               /var/tmp/ccCeoCVr.o
ld: fatal: Symbol referencing errors. No output written to conftest
collect2: ld returned 1 exit status
configure:6983: $? = 1
configure: failed program was:
#line 6949 "configure"
#include "confdefs.h"
/* System header to define __stub macros and hopefully few prototypes,
    which can conflict with char hypot (); below.  */
#include <assert.h>
/* Override any gcc2 internal prototype to avoid an error.  */
#ifdef __cplusplus
extern "C"
#endif
/* We use char because int might match the return type of a gcc2
   builtin and then its argument prototype would still apply.  */
char hypot ();
char (*f) ();

int
main ()
{
/* The GNU C library defines this for functions which it implements
    to always fail with ENOSYS.  Some functions are actually named
    something starting with __ and the normal name is an alias.  */
#if defined (__stub_hypot) || defined (__stub___hypot)
choke me
#else
f = hypot;
#endif

  ;
  return 0;
}
configure:6999: result: no
configure:7012: checking for expm1
configure:7049: gcc -o conftest -g -O2   conftest.c  >&5
Undefined			first referenced
 symbol  			    in file
expm1                               /var/tmp/ccmKpxmI.o
ld: fatal: Symbol referencing errors. No output written to conftest
collect2: ld returned 1 exit status
configure:7052: $? = 1
configure: failed program was:
#line 7018 "configure"
#include "confdefs.h"
/* System header to define __stub macros and hopefully few prototypes,
    which can conflict with char expm1 (); below.  */
#include <assert.h>
/* Override any gcc2 internal prototype to avoid an error.  */
#ifdef __cplusplus
extern "C"
#endif
/* We use char because int might match the return type of a gcc2
   builtin and then its argument prototype would still apply.  */
char expm1 ();
char (*f) ();

int
main ()
{
/* The GNU C library defines this for functions which it implements
    to always fail with ENOSYS.  Some functions are actually named
    something starting with __ and the normal name is an alias.  */
#if defined (__stub_expm1) || defined (__stub___expm1)
choke me
#else
f = expm1;
#endif

  ;
  return 0;
}
configure:7068: result: no
configure:7081: checking for acosh
configure:7118: gcc -o conftest -g -O2   conftest.c  >&5
Undefined			first referenced
 symbol  			    in file
acosh                               /var/tmp/ccoBsBoC.o
ld: fatal: Symbol referencing errors. No output written to conftest
collect2: ld returned 1 exit status
configure:7121: $? = 1
configure: failed program was:
#line 7087 "configure"
#include "confdefs.h"
/* System header to define __stub macros and hopefully few prototypes,
    which can conflict with char acosh (); below.  */
#include <assert.h>
/* Override any gcc2 internal prototype to avoid an error.  */
#ifdef __cplusplus
extern "C"
#endif
/* We use char because int might match the return type of a gcc2
   builtin and then its argument prototype would still apply.  */
char acosh ();
char (*f) ();

int
main ()
{
/* The GNU C library defines this for functions which it implements
    to always fail with ENOSYS.  Some functions are actually named
    something starting with __ and the normal name is an alias.  */
#if defined (__stub_acosh) || defined (__stub___acosh)
choke me
#else
f = acosh;
#endif

  ;
  return 0;
}
configure:7137: result: no
configure:7150: checking for asinh
configure:7187: gcc -o conftest -g -O2   conftest.c  >&5
Undefined			first referenced
 symbol  			    in file
asinh                               /var/tmp/ccAfm86o.o
ld: fatal: Symbol referencing errors. No output written to conftest
collect2: ld returned 1 exit status
configure:7190: $? = 1
configure: failed program was:
#line 7156 "configure"
#include "confdefs.h"
/* System header to define __stub macros and hopefully few prototypes,
    which can conflict with char asinh (); below.  */
#include <assert.h>
/* Override any gcc2 internal prototype to avoid an error.  */
#ifdef __cplusplus
extern "C"
#endif
/* We use char because int might match the return type of a gcc2
   builtin and then its argument prototype would still apply.  */
char asinh ();
char (*f) ();

int
main ()
{
/* The GNU C library defines this for functions which it implements
    to always fail with ENOSYS.  Some functions are actually named
    something starting with __ and the normal name is an alias.  */
#if defined (__stub_asinh) || defined (__stub___asinh)
choke me
#else
f = asinh;
#endif

  ;
  return 0;
}
configure:7206: result: no
configure:7219: checking for atanh
configure:7256: gcc -o conftest -g -O2   conftest.c  >&5
Undefined			first referenced
 symbol  			    in file
atanh                               /var/tmp/cc2a5YwE.o
ld: fatal: Symbol referencing errors. No output written to conftest
collect2: ld returned 1 exit status
configure:7259: $? = 1
configure: failed program was:
#line 7225 "configure"
#include "confdefs.h"
/* System header to define __stub macros and hopefully few prototypes,
    which can conflict with char atanh (); below.  */
#include <assert.h>
/* Override any gcc2 internal prototype to avoid an error.  */
#ifdef __cplusplus
extern "C"
#endif
/* We use char because int might match the return type of a gcc2
   builtin and then its argument prototype would still apply.  */
char atanh ();
char (*f) ();

int
main ()
{
/* The GNU C library defines this for functions which it implements
    to always fail with ENOSYS.  Some functions are actually named
    something starting with __ and the normal name is an alias.  */
#if defined (__stub_atanh) || defined (__stub___atanh)
choke me
#else
f = atanh;
#endif

  ;
  return 0;
}
configure:7275: result: no
configure:7288: checking for isinf
configure:7325: gcc -o conftest -g -O2   conftest.c  >&5
Undefined			first referenced
 symbol  			    in file
isinf                               /var/tmp/ccY0QYBa.o
ld: fatal: Symbol referencing errors. No output written to conftest
collect2: ld returned 1 exit status
configure:7328: $? = 1
configure: failed program was:
#line 7294 "configure"
#include "confdefs.h"
/* System header to define __stub macros and hopefully few prototypes,
    which can conflict with char isinf (); below.  */
#include <assert.h>
/* Override any gcc2 internal prototype to avoid an error.  */
#ifdef __cplusplus
extern "C"
#endif
/* We use char because int might match the return type of a gcc2
   builtin and then its argument prototype would still apply.  */
char isinf ();
char (*f) ();

int
main ()
{
/* The GNU C library defines this for functions which it implements
    to always fail with ENOSYS.  Some functions are actually named
    something starting with __ and the normal name is an alias.  */
#if defined (__stub_isinf) || defined (__stub___isinf)
choke me
#else
f = isinf;
#endif

  ;
  return 0;
}
configure:7344: result: no
configure:7353: checking for isinf with <math.h>
configure:7368: gcc -o conftest -g -O2   conftest.c  >&5
Undefined			first referenced
 symbol  			    in file
isinf                               /var/tmp/cc2n1snE.o
ld: fatal: Symbol referencing errors. No output written to conftest
collect2: ld returned 1 exit status
configure:7371: $? = 1
configure: failed program was:
#line 7356 "configure"
#include "confdefs.h"
#include <math.h>
int
main ()
{
float f = 0.0; isinf(f)
  ;
  return 0;
}
configure:7389: result: no
configure:7399: checking for finite
configure:7436: gcc -o conftest -g -O2   conftest.c  >&5
configure:7439: $? = 0
configure:7442: test -s conftest
configure:7445: $? = 0
configure:7455: result: yes
configure:7626: checking for isnan
configure:7663: gcc -o conftest -g -O2   conftest.c  >&5
configure:7666: $? = 0
configure:7669: test -s conftest
configure:7672: $? = 0
configure:7682: result: yes
configure:7744: checking for log1p
configure:7781: gcc -o conftest -g -O2   conftest.c  >&5
Undefined			first referenced
 symbol  			    in file
log1p                               /var/tmp/cckoOsK1.o
ld: fatal: Symbol referencing errors. No output written to conftest
collect2: ld returned 1 exit status
configure:7784: $? = 1
configure: failed program was:
#line 7750 "configure"
#include "confdefs.h"
/* System header to define __stub macros and hopefully few prototypes,
    which can conflict with char log1p (); below.  */
#include <assert.h>
/* Override any gcc2 internal prototype to avoid an error.  */
#ifdef __cplusplus
extern "C"
#endif
/* We use char because int might match the return type of a gcc2
   builtin and then its argument prototype would still apply.  */
char log1p ();
char (*f) ();

int
main ()
{
/* The GNU C library defines this for functions which it implements
    to always fail with ENOSYS.  Some functions are actually named
    something starting with __ and the normal name is an alias.  */
#if defined (__stub_log1p) || defined (__stub___log1p)
choke me
#else
f = log1p;
#endif

  ;
  return 0;
}
configure:7800: result: no
configure:7825: checking for sqrt in -lm
configure:7852: gcc -o conftest -g -O2   conftest.c -lm   >&5
configure:7841: warning: conflicting types for built-in function `sqrt'
configure:7855: $? = 0
configure:7858: test -s conftest
configure:7861: $? = 0
configure:7872: result: yes
configure:7883: checking whether the compiler supports the STL
configure:7909: g++ -c -g -O2 -Wall  conftest.cc >&5
configure:7912: $? = 0
configure:7915: test -s conftest.o
configure:7918: $? = 0
configure:7934: result: yes
configure:8078: creating ./config.status

## ----------------------- ##
## Running config.status.  ##
## ----------------------- ##

This file was extended by config.status 2.50, executed with
  > ./config.status 
on igc

config.status:8568: creating src/Makefile
config.status:8568: creating src/gsl/Makefile
config.status:8568: creating src/gsl/sys/Makefile
config.status:8568: creating src/gsl/utils/Makefile
config.status:8568: creating src/gsl/test/Makefile
config.status:8568: creating src/gsl/err/Makefile
config.status:8568: creating src/gsl/const/Makefile
config.status:8568: creating src/gsl/complex/Makefile
config.status:8568: creating src/gsl/block/Makefile
config.status:8568: creating src/gsl/vector/Makefile
config.status:8568: creating src/gsl/matrix/Makefile
config.status:8568: creating src/gsl/permutation/Makefile
config.status:8568: creating src/gsl/cblas/Makefile
config.status:8568: creating src/gsl/blas/Makefile
config.status:8568: creating src/gsl/linalg/Makefile
config.status:8568: creating src/gsl/eigen/Makefile
config.status:8568: creating src/gmath/Makefile
config.status:8568: creating src/gromos/Makefile
config.status:8568: creating src/gcore/Makefile
config.status:8568: creating src/gio/Makefile
config.status:8568: creating src/bound/Makefile
config.status:8568: creating src/fit/Makefile
config.status:8568: creating src/args/Makefile
config.status:8568: creating src/utils/Makefile
config.status:8568: creating programs/Makefile
config.status:8568: creating Makefile
config.status:8660: creating config.h
config.status:8801: config.h is unchanged

## ----------------- ##
## Cache variables.  ##
## ----------------- ##

ac_cv_build='sparc-sun-solaris2.8'
ac_cv_build_alias='sparc-sun-solaris2.8'
ac_cv_c_compiler_gnu='yes'
ac_cv_c_const='yes'
ac_cv_c_inline='inline'
ac_cv_cxx_compiler_gnu='yes'
ac_cv_cxx_version_ok='yes'
ac_cv_env_CC_set=''
ac_cv_env_CC_value=''
ac_cv_env_CFLAGS_set=''
ac_cv_env_CFLAGS_value=''
ac_cv_env_CPPFLAGS_set=''
ac_cv_env_CPPFLAGS_value=''
ac_cv_env_CPP_set=''
ac_cv_env_CPP_value=''
ac_cv_env_CXXFLAGS_set=''
ac_cv_env_CXXFLAGS_value=''
ac_cv_env_CXX_set=''
ac_cv_env_CXX_value=''
ac_cv_env_LDFLAGS_set=''
ac_cv_env_LDFLAGS_value=''
ac_cv_env_build_alias_set=''
ac_cv_env_build_alias_value=''
ac_cv_env_host_alias_set=''
ac_cv_env_host_alias_value=''
ac_cv_env_target_alias_set=''
ac_cv_env_target_alias_value=''
ac_cv_func_acosh='no'
ac_cv_func_asinh='no'
ac_cv_func_atanh='no'
ac_cv_func_expm1='no'
ac_cv_func_finite='yes'
ac_cv_func_hypot='no'
ac_cv_func_isinf='no'
ac_cv_func_isnan='yes'
ac_cv_func_log1p='no'
ac_cv_header_dlfcn_h='yes'
ac_cv_header_inttypes_h='yes'
ac_cv_header_memory_h='yes'
ac_cv_header_stdc='yes'
ac_cv_header_stdlib_h='yes'
ac_cv_header_string_h='yes'
ac_cv_header_strings_h='yes'
ac_cv_header_unistd_h='yes'
ac_cv_host='sparc-sun-solaris2.8'
ac_cv_host_alias='sparc-sun-solaris2.8'
ac_cv_lib_m_sqrt='yes'
ac_cv_objext='o'
ac_cv_path_install='/usr/local/bin/install -c'
ac_cv_prog_CPP='gcc -E'
ac_cv_prog_ac_ct_CC='gcc'
ac_cv_prog_ac_ct_CXX='g++'
ac_cv_prog_ac_ct_RANLIB='ranlib'
ac_cv_prog_ac_ct_STRIP='strip'
ac_cv_prog_cc_g='yes'
ac_cv_prog_cc_stdc=''
ac_cv_prog_cxx_g='yes'
ac_cv_prog_make_make_set='yes'
ac_cv_type_size_t='yes'
lt_cv_compiler_c_o='yes'
lt_cv_compiler_o_lo='no'
lt_cv_deplibs_check_method='pass_all'
lt_cv_file_magic_cmd='$MAGIC_CMD'
lt_cv_file_magic_test_file='/lib/libc.so'
lt_cv_global_symbol_to_cdecl='sed -n -e '\''s/^. .* \(.*\)$/extern char \1;/p'\'''
lt_cv_ld_reload_flag='-r'
lt_cv_path_LD='/usr/ccs/bin/ld'
lt_cv_path_NM='/usr/ccs/bin/nm -p'
lt_cv_prog_cc_can_build_shared='yes'
lt_cv_prog_cc_no_builtin=''
lt_cv_prog_cc_pic=' -fPIC'
lt_cv_prog_cc_pic_works='yes'
lt_cv_prog_cc_shlib=''
lt_cv_prog_cc_static=''
lt_cv_prog_cc_static_works='no'
lt_cv_prog_cc_wl='-Wl,'
lt_cv_prog_gnu_ld='no'
lt_cv_sys_global_symbol_pipe='sed -n -e '\''s/^.*[ 	]\([BDT][BDT]*\)[ 	][ 	]*\(\)\([_A-Za-z][_A-Za-z0-9]*\)$/\1 \2\3 \3/p'\'''
lt_cv_sys_path_separator=':'

## ------------ ##
## confdefs.h.  ##
## ------------ ##

#define HAVE_DLFCN_H 1
#ifdef __cplusplus
#include <stdlib.h>
#endif
#define STDC_HEADERS 1
#define HAVE_STDLIB_H 1
#define HAVE_STRING_H 1
#define HAVE_MEMORY_H 1
#define HAVE_STRINGS_H 1
#define HAVE_INTTYPES_H 1
#define HAVE_UNISTD_H 1
#define HAVE_FINITE 1
#define HAVE_ISNAN 1
#define HAVE_LIBM 1


configure: exit 0

## ----------------------- ##
## Running config.status.  ##
## ----------------------- ##

This file was extended by config.status 2.50, executed with
  > ./config.status 
on igc

config.status:8568: creating src/gmath/Makefile

## ----------------------- ##
## Running config.status.  ##
## ----------------------- ##

This file was extended by config.status 2.50, executed with
  > ./config.status 
on igc

config.status:8568: creating src/gmath/Makefile

## ----------------------- ##
## Running config.status.  ##
## ----------------------- ##

This file was extended by config.status 2.50, executed with
  > ./config.status 
on igc

config.status:8568: creating Makefile

## ----------------------- ##
## Running config.status.  ##
## ----------------------- ##

This file was extended by config.status 2.50, executed with
  > ./config.status 
on igc

config.status:8568: creating src/Makefile

## ----------------------- ##
## Running config.status.  ##
## ----------------------- ##

This file was extended by config.status 2.50, executed with
  > ./config.status 
on igc

config.status:8568: creating src/gsl/Makefile

## ----------------------- ##
## Running config.status.  ##
## ----------------------- ##

This file was extended by config.status 2.50, executed with
  > ./config.status 
on igc

config.status:8568: creating src/gsl/utils/Makefile

## ----------------------- ##
## Running config.status.  ##
## ----------------------- ##

This file was extended by config.status 2.50, executed with
  > ./config.status 
on igc

config.status:8568: creating src/gsl/test/Makefile

## ----------------------- ##
## Running config.status.  ##
## ----------------------- ##

This file was extended by config.status 2.50, executed with
  > ./config.status 
on igc

config.status:8568: creating src/gsl/err/Makefile

## ----------------------- ##
## Running config.status.  ##
## ----------------------- ##

This file was extended by config.status 2.50, executed with
  > ./config.status 
on igc

config.status:8568: creating src/gsl/block/Makefile

## ----------------------- ##
## Running config.status.  ##
## ----------------------- ##

This file was extended by config.status 2.50, executed with
  > ./config.status 
on igc

config.status:8568: creating src/gsl/const/Makefile

## ----------------------- ##
## Running config.status.  ##
## ----------------------- ##

This file was extended by config.status 2.50, executed with
  > ./config.status 
on igc

config.status:8568: creating src/gsl/complex/Makefile

## ----------------------- ##
## Running config.status.  ##
## ----------------------- ##

This file was extended by config.status 2.50, executed with
  > ./config.status 
on igc

config.status:8568: creating src/gsl/vector/Makefile

## ----------------------- ##
## Running config.status.  ##
## ----------------------- ##

This file was extended by config.status 2.50, executed with
  > ./config.status 
on igc

config.status:8568: creating src/gsl/matrix/Makefile

## ----------------------- ##
## Running config.status.  ##
## ----------------------- ##

This file was extended by config.status 2.50, executed with
  > ./config.status 
on igc

config.status:8568: creating src/gsl/permutation/Makefile

## ----------------------- ##
## Running config.status.  ##
## ----------------------- ##

This file was extended by config.status 2.50, executed with
  > ./config.status 
on igc

config.status:8568: creating src/gsl/cblas/Makefile

## ----------------------- ##
## Running config.status.  ##
## ----------------------- ##

This file was extended by config.status 2.50, executed with
  > ./config.status 
on igc

config.status:8568: creating src/gsl/blas/Makefile

## ----------------------- ##
## Running config.status.  ##
## ----------------------- ##

This file was extended by config.status 2.50, executed with
  > ./config.status 
on igc

config.status:8568: creating src/gsl/linalg/Makefile

## ----------------------- ##
## Running config.status.  ##
## ----------------------- ##

This file was extended by config.status 2.50, executed with
  > ./config.status 
on igc

config.status:8568: creating src/gsl/eigen/Makefile

## ----------------------- ##
## Running config.status.  ##
## ----------------------- ##

This file was extended by config.status 2.50, executed with
  > ./config.status 
on igc

config.status:8568: creating src/gsl/sys/Makefile

## ----------------------- ##
## Running config.status.  ##
## ----------------------- ##

This file was extended by config.status 2.50, executed with
  > ./config.status 
on igc

config.status:8568: creating src/gcore/Makefile

## ----------------------- ##
## Running config.status.  ##
## ----------------------- ##

This file was extended by config.status 2.50, executed with
  > ./config.status 
on igc

config.status:8568: creating src/gio/Makefile

## ----------------------- ##
## Running config.status.  ##
## ----------------------- ##

This file was extended by config.status 2.50, executed with
  > ./config.status 
on igc

config.status:8568: creating src/bound/Makefile

## ----------------------- ##
## Running config.status.  ##
## ----------------------- ##

This file was extended by config.status 2.50, executed with
  > ./config.status 
on igc

config.status:8568: creating src/fit/Makefile

## ----------------------- ##
## Running config.status.  ##
## ----------------------- ##

This file was extended by config.status 2.50, executed with
  > ./config.status 
on igc

config.status:8568: creating src/args/Makefile

## ----------------------- ##
## Running config.status.  ##
## ----------------------- ##

This file was extended by config.status 2.50, executed with
  > ./config.status 
on igc

config.status:8568: creating src/utils/Makefile

## ----------------------- ##
## Running config.status.  ##
## ----------------------- ##

This file was extended by config.status 2.50, executed with
  > ./config.status 
on igc

config.status:8568: creating programs/Makefile

## ----------------------- ##
## Running config.status.  ##
## ----------------------- ##

This file was extended by config.status 2.50, executed with
  > ./config.status 
on igc

config.status:8568: creating src/gmath/Makefile

## ----------------------- ##
## Running config.status.  ##
## ----------------------- ##

This file was extended by config.status 2.50, executed with
  > ./config.status 
on igc

config.status:8568: creating Makefile

## ----------------------- ##
## Running config.status.  ##
## ----------------------- ##

This file was extended by config.status 2.50, executed with
  > ./config.status 
on igc

config.status:8568: creating src/Makefile

## ----------------------- ##
## Running config.status.  ##
## ----------------------- ##

This file was extended by config.status 2.50, executed with
  > ./config.status 
on igc

config.status:8568: creating src/gsl/Makefile

## ----------------------- ##
## Running config.status.  ##
## ----------------------- ##

This file was extended by config.status 2.50, executed with
  > ./config.status 
on igc

config.status:8568: creating src/gsl/utils/Makefile

## ----------------------- ##
## Running config.status.  ##
## ----------------------- ##

This file was extended by config.status 2.50, executed with
  > ./config.status 
on igc

config.status:8568: creating src/gsl/test/Makefile

## ----------------------- ##
## Running config.status.  ##
## ----------------------- ##

This file was extended by config.status 2.50, executed with
  > ./config.status 
on igc

config.status:8568: creating src/gsl/err/Makefile

## ----------------------- ##
## Running config.status.  ##
## ----------------------- ##

This file was extended by config.status 2.50, executed with
  > ./config.status 
on igc

config.status:8568: creating src/gsl/block/Makefile

## ----------------------- ##
## Running config.status.  ##
## ----------------------- ##

This file was extended by config.status 2.50, executed with
  > ./config.status 
on igc

config.status:8568: creating src/gsl/const/Makefile

## ----------------------- ##
## Running config.status.  ##
## ----------------------- ##

This file was extended by config.status 2.50, executed with
  > ./config.status 
on igc

config.status:8568: creating src/gsl/complex/Makefile

## ----------------------- ##
## Running config.status.  ##
## ----------------------- ##

This file was extended by config.status 2.50, executed with
  > ./config.status 
on igc

config.status:8568: creating src/gsl/vector/Makefile

## ----------------------- ##
## Running config.status.  ##
## ----------------------- ##

This file was extended by config.status 2.50, executed with
  > ./config.status 
on igc

config.status:8568: creating src/gsl/matrix/Makefile

## ----------------------- ##
## Running config.status.  ##
## ----------------------- ##

This file was extended by config.status 2.50, executed with
  > ./config.status 
on igc

config.status:8568: creating src/gsl/permutation/Makefile

## ----------------------- ##
## Running config.status.  ##
## ----------------------- ##

This file was extended by config.status 2.50, executed with
  > ./config.status 
on igc

config.status:8568: creating src/gsl/cblas/Makefile

## ----------------------- ##
## Running config.status.  ##
## ----------------------- ##

This file was extended by config.status 2.50, executed with
  > ./config.status 
on igc

config.status:8568: creating src/gsl/blas/Makefile

## ----------------------- ##
## Running config.status.  ##
## ----------------------- ##

This file was extended by config.status 2.50, executed with
  > ./config.status 
on igc

config.status:8568: creating src/gsl/linalg/Makefile

## ----------------------- ##
## Running config.status.  ##
## ----------------------- ##

This file was extended by config.status 2.50, executed with
  > ./config.status 
on igc

config.status:8568: creating src/gsl/eigen/Makefile

## ----------------------- ##
## Running config.status.  ##
## ----------------------- ##

This file was extended by config.status 2.50, executed with
  > ./config.status 
on igc

config.status:8568: creating src/gsl/sys/Makefile

## ----------------------- ##
## Running config.status.  ##
## ----------------------- ##

This file was extended by config.status 2.50, executed with
  > ./config.status 
on igc

config.status:8568: creating src/gcore/Makefile

## ----------------------- ##
## Running config.status.  ##
## ----------------------- ##

This file was extended by config.status 2.50, executed with
  > ./config.status 
on igc

config.status:8568: creating src/gio/Makefile

## ----------------------- ##
## Running config.status.  ##
## ----------------------- ##

This file was extended by config.status 2.50, executed with
  > ./config.status 
on igc

config.status:8568: creating src/bound/Makefile

## ----------------------- ##
## Running config.status.  ##
## ----------------------- ##

This file was extended by config.status 2.50, executed with
  > ./config.status 
on igc

config.status:8568: creating src/fit/Makefile

## ----------------------- ##
## Running config.status.  ##
## ----------------------- ##

This file was extended by config.status 2.50, executed with
  > ./config.status 
on igc

config.status:8568: creating src/args/Makefile

## ----------------------- ##
## Running config.status.  ##
## ----------------------- ##

This file was extended by config.status 2.50, executed with
  > ./config.status 
on igc

config.status:8568: creating src/utils/Makefile

## ----------------------- ##
## Running config.status.  ##
## ----------------------- ##

This file was extended by config.status 2.50, executed with
  > ./config.status 
on igc

config.status:8568: creating programs/Makefile
